
*** Running vivado
    with args -log top.vdi -applog -m64 -product Vivado -messageDb vivado.pb -mode batch -source top.tcl -notrace


****** Vivado v2025.1 (64-bit)
  **** SW Build 6140274 on Wed May 21 22:58:25 MDT 2025
  **** IP Build 6138677 on Thu May 22 03:10:11 MDT 2025
  **** SharedData Build 6139179 on Tue May 20 17:58:58 MDT 2025
  **** Start of session at: Wed Sep 24 09:43:12 2025
    ** Copyright 1986-2022 Xilinx, Inc. All Rights Reserved.
    ** Copyright 2022-2025 Advanced Micro Devices, Inc. All Rights Reserved.

source top.tcl -notrace
Command: link_design -top top -part xc7a35tcpg236-1
Design is defaulting to srcset: sources_1
Design is defaulting to constrset: constrs_1
INFO: [Device 21-403] Loading part xc7a35tcpg236-1
Netlist sorting complete. Time (s): cpu = 00:00:00.01 ; elapsed = 00:00:00 . Memory (MB): peak = 1658.730 ; gain = 0.000 ; free physical = 7178 ; free virtual = 23382
INFO: [Netlist 29-17] Analyzing 14 Unisim elements for replacement
INFO: [Netlist 29-28] Unisim Transformation completed in 0 CPU seconds
INFO: [Project 1-479] Netlist was created with Vivado 2025.1
INFO: [Project 1-570] Preparing netlist for logic optimization
Parsing XDC File [/home/prormrxcn-meow/practice_2/practice_2.srcs/constrs_1/new/master.xdc]
WARNING: [Constraints 18-619] A clock with name 'sys_clk_pin' already exists, overwriting the previous clock with the same name. [/home/prormrxcn-meow/practice_2/practice_2.srcs/constrs_1/new/master.xdc:5]
Finished Parsing XDC File [/home/prormrxcn-meow/practice_2/practice_2.srcs/constrs_1/new/master.xdc]
INFO: [Opt 31-138] Pushed 0 inverter(s) to 0 load pin(s).
Netlist sorting complete. Time (s): cpu = 00:00:00 ; elapsed = 00:00:00 . Memory (MB): peak = 1844.336 ; gain = 0.000 ; free physical = 7060 ; free virtual = 23265
INFO: [Project 1-111] Unisim Transformation Summary:
No Unisim elements were transformed.

7 Infos, 1 Warnings, 0 Critical Warnings and 0 Errors encountered.
link_design completed successfully
Command: opt_design
Attempting to get a license for feature 'Implementation' and/or device 'xc7a35t'
INFO: [Common 17-349] Got license for feature 'Implementation' and/or device 'xc7a35t'
Running DRC as a precondition to command opt_design

Starting DRC Task
INFO: [DRC 23-27] Running DRC with 8 threads
INFO: [Project 1-461] DRC finished with 0 Errors
INFO: [Project 1-462] Please refer to the DRC report (report_drc) for more information.

Time (s): cpu = 00:00:03 ; elapsed = 00:00:00.79 . Memory (MB): peak = 1930.477 ; gain = 80.168 ; free physical = 6984 ; free virtual = 23189

Starting Cache Timing Information Task
INFO: [Timing 38-35] Done setting XDC timing constraints.
Ending Cache Timing Information Task | Checksum: 24bebf064

Time (s): cpu = 00:00:07 ; elapsed = 00:00:07 . Memory (MB): peak = 2378.305 ; gain = 447.828 ; free physical = 6566 ; free virtual = 22771

Starting Logic Optimization Task

Phase 1 Initialization

Phase 1.1 Core Generation And Design Setup
Phase 1.1 Core Generation And Design Setup | Checksum: 24bebf064

Time (s): cpu = 00:00:00 ; elapsed = 00:00:00.01 . Memory (MB): peak = 2740.227 ; gain = 0.000 ; free physical = 6200 ; free virtual = 22405

Phase 1.2 Setup Constraints And Sort Netlist
Phase 1.2 Setup Constraints And Sort Netlist | Checksum: 24bebf064

Time (s): cpu = 00:00:00 ; elapsed = 00:00:00.01 . Memory (MB): peak = 2740.227 ; gain = 0.000 ; free physical = 6200 ; free virtual = 22405
Phase 1 Initialization | Checksum: 24bebf064

Time (s): cpu = 00:00:00 ; elapsed = 00:00:00.01 . Memory (MB): peak = 2740.227 ; gain = 0.000 ; free physical = 6200 ; free virtual = 22405

Phase 2 Timer Update And Timing Data Collection

Phase 2.1 Timer Update
Phase 2.1 Timer Update | Checksum: 24bebf064

Time (s): cpu = 00:00:00.01 ; elapsed = 00:00:00.01 . Memory (MB): peak = 2740.227 ; gain = 0.000 ; free physical = 6200 ; free virtual = 22405

Phase 2.2 Timing Data Collection
Phase 2.2 Timing Data Collection | Checksum: 24bebf064

Time (s): cpu = 00:00:00.01 ; elapsed = 00:00:00.02 . Memory (MB): peak = 2740.227 ; gain = 0.000 ; free physical = 6200 ; free virtual = 22405
Phase 2 Timer Update And Timing Data Collection | Checksum: 24bebf064

Time (s): cpu = 00:00:00.01 ; elapsed = 00:00:00.02 . Memory (MB): peak = 2740.227 ; gain = 0.000 ; free physical = 6200 ; free virtual = 22405

Phase 3 Retarget
INFO: [Opt 31-1851] Number of loadless carry chains removed were: 0
INFO: [Opt 31-1834] Total Chains To Be Transformed Were: 0 AND Number of Transformed insts Created are: 0
INFO: [Opt 31-138] Pushed 0 inverter(s) to 0 load pin(s).
INFO: [Opt 31-49] Retargeted 0 cell(s).
Phase 3 Retarget | Checksum: 24bebf064

Time (s): cpu = 00:00:00.02 ; elapsed = 00:00:00.03 . Memory (MB): peak = 2740.227 ; gain = 0.000 ; free physical = 6200 ; free virtual = 22405
Retarget | Checksum: 24bebf064
INFO: [Opt 31-389] Phase Retarget created 0 cells and removed 0 cells

Phase 4 Constant propagation
INFO: [Opt 31-138] Pushed 0 inverter(s) to 0 load pin(s).
Phase 4 Constant propagation | Checksum: 269f25ec0

Time (s): cpu = 00:00:00.03 ; elapsed = 00:00:00.03 . Memory (MB): peak = 2740.227 ; gain = 0.000 ; free physical = 6200 ; free virtual = 22405
Constant propagation | Checksum: 269f25ec0
INFO: [Opt 31-389] Phase Constant propagation created 0 cells and removed 0 cells

Phase 5 Sweep
INFO: [Constraints 18-11670] Building netlist checker database with flags, 0x8
Done building netlist checker database: Time (s): cpu = 00:00:00 ; elapsed = 00:00:00 . Memory (MB): peak = 2740.227 ; gain = 0.000 ; free physical = 6200 ; free virtual = 22405
Phase 5 Sweep | Checksum: 27ba972f1

Time (s): cpu = 00:00:00.03 ; elapsed = 00:00:00.04 . Memory (MB): peak = 2740.227 ; gain = 0.000 ; free physical = 6200 ; free virtual = 22405
Sweep | Checksum: 27ba972f1
INFO: [Opt 31-389] Phase Sweep created 0 cells and removed 0 cells

Phase 6 BUFG optimization
Phase 6 BUFG optimization | Checksum: 27ba972f1

Time (s): cpu = 00:00:00.04 ; elapsed = 00:00:00.05 . Memory (MB): peak = 2772.242 ; gain = 32.016 ; free physical = 6200 ; free virtual = 22405
BUFG optimization | Checksum: 27ba972f1
INFO: [Opt 31-662] Phase BUFG optimization created 0 cells of which 0 are BUFGs and removed 0 cells.

Phase 7 Shift Register Optimization
INFO: [Opt 31-1064] SRL Remap converted 0 SRLs to 0 registers and converted 0 registers of register chains to 0 SRLs
Phase 7 Shift Register Optimization | Checksum: 27ba972f1

Time (s): cpu = 00:00:00.04 ; elapsed = 00:00:00.05 . Memory (MB): peak = 2772.242 ; gain = 32.016 ; free physical = 6200 ; free virtual = 22405
Shift Register Optimization | Checksum: 27ba972f1
INFO: [Opt 31-389] Phase Shift Register Optimization created 0 cells and removed 0 cells

Phase 8 Post Processing Netlist
Phase 8 Post Processing Netlist | Checksum: 27ba972f1

Time (s): cpu = 00:00:00.05 ; elapsed = 00:00:00.05 . Memory (MB): peak = 2772.242 ; gain = 32.016 ; free physical = 6200 ; free virtual = 22405
Post Processing Netlist | Checksum: 27ba972f1
INFO: [Opt 31-389] Phase Post Processing Netlist created 0 cells and removed 0 cells

Phase 9 Finalization

Phase 9.1 Finalizing Design Cores and Updating Shapes
Phase 9.1 Finalizing Design Cores and Updating Shapes | Checksum: 1fe813178

Time (s): cpu = 00:00:00.05 ; elapsed = 00:00:00.06 . Memory (MB): peak = 2772.242 ; gain = 32.016 ; free physical = 6200 ; free virtual = 22405

Phase 9.2 Verifying Netlist Connectivity

Starting Connectivity Check Task

Time (s): cpu = 00:00:00.01 ; elapsed = 00:00:00 . Memory (MB): peak = 2772.242 ; gain = 0.000 ; free physical = 6200 ; free virtual = 22405
Phase 9.2 Verifying Netlist Connectivity | Checksum: 1fe813178

Time (s): cpu = 00:00:00.06 ; elapsed = 00:00:00.06 . Memory (MB): peak = 2772.242 ; gain = 32.016 ; free physical = 6200 ; free virtual = 22405
Phase 9 Finalization | Checksum: 1fe813178

Time (s): cpu = 00:00:00.06 ; elapsed = 00:00:00.06 . Memory (MB): peak = 2772.242 ; gain = 32.016 ; free physical = 6200 ; free virtual = 22405
Opt_design Change Summary
=========================


-------------------------------------------------------------------------------------------------------------------------
|  Phase                        |  #Cells created  |  #Cells Removed  |  #Constrained objects preventing optimizations  |
-------------------------------------------------------------------------------------------------------------------------
|  Retarget                     |               0  |               0  |                                              0  |
|  Constant propagation         |               0  |               0  |                                              0  |
|  Sweep                        |               0  |               0  |                                              0  |
|  BUFG optimization            |               0  |               0  |                                              0  |
|  Shift Register Optimization  |               0  |               0  |                                              0  |
|  Post Processing Netlist      |               0  |               0  |                                              0  |
-------------------------------------------------------------------------------------------------------------------------


Ending Logic Optimization Task | Checksum: 1fe813178

Time (s): cpu = 00:00:00.06 ; elapsed = 00:00:00.06 . Memory (MB): peak = 2772.242 ; gain = 32.016 ; free physical = 6200 ; free virtual = 22405

Starting Power Optimization Task
INFO: [Pwropt 34-132] Skipping clock gating for clocks with a period < 2.00 ns.
Ending Power Optimization Task | Checksum: 1fe813178

Time (s): cpu = 00:00:00.01 ; elapsed = 00:00:00.01 . Memory (MB): peak = 2772.242 ; gain = 0.000 ; free physical = 6200 ; free virtual = 22405

Starting Final Cleanup Task
Ending Final Cleanup Task | Checksum: 1fe813178

Time (s): cpu = 00:00:00 ; elapsed = 00:00:00 . Memory (MB): peak = 2772.242 ; gain = 0.000 ; free physical = 6200 ; free virtual = 22405

Starting Netlist Obfuscation Task
Netlist sorting complete. Time (s): cpu = 00:00:00 ; elapsed = 00:00:00 . Memory (MB): peak = 2772.242 ; gain = 0.000 ; free physical = 6200 ; free virtual = 22405
Ending Netlist Obfuscation Task | Checksum: 1fe813178

Time (s): cpu = 00:00:00 ; elapsed = 00:00:00 . Memory (MB): peak = 2772.242 ; gain = 0.000 ; free physical = 6200 ; free virtual = 22405
INFO: [Common 17-83] Releasing license: Implementation
27 Infos, 1 Warnings, 0 Critical Warnings and 0 Errors encountered.
opt_design completed successfully
opt_design: Time (s): cpu = 00:00:13 ; elapsed = 00:00:11 . Memory (MB): peak = 2772.242 ; gain = 921.934 ; free physical = 6200 ; free virtual = 22405
INFO: [Vivado 12-24828] Executing command : report_drc -file top_drc_opted.rpt -pb top_drc_opted.pb -rpx top_drc_opted.rpx
Command: report_drc -file top_drc_opted.rpt -pb top_drc_opted.pb -rpx top_drc_opted.rpx
INFO: [IP_Flow 19-234] Refreshing IP repositories
INFO: [IP_Flow 19-1704] No user IP repositories specified
INFO: [IP_Flow 19-2313] Loaded Vivado IP repository '/home/prormrxcn-meow/2025.1/Vivado/data/ip'.
INFO: [DRC 23-27] Running DRC with 8 threads
INFO: [Vivado_Tcl 2-168] The results of DRC are in file /home/prormrxcn-meow/practice_2/practice_2.runs/impl_1/top_drc_opted.rpt.
report_drc completed successfully
INFO: [Timing 38-480] Writing timing data to binary archive.
Write ShapeDB Complete: Time (s): cpu = 00:00:00 ; elapsed = 00:00:00.01 . Memory (MB): peak = 2787.117 ; gain = 0.000 ; free physical = 6177 ; free virtual = 22382
Wrote PlaceDB: Time (s): cpu = 00:00:00 ; elapsed = 00:00:00.01 . Memory (MB): peak = 2787.117 ; gain = 0.000 ; free physical = 6177 ; free virtual = 22382
Wrote PulsedLatchDB: Time (s): cpu = 00:00:00 ; elapsed = 00:00:00 . Memory (MB): peak = 2787.117 ; gain = 0.000 ; free physical = 6177 ; free virtual = 22382
Writing XDEF routing.
Writing XDEF routing logical nets.
Writing XDEF routing special nets.
Wrote RouteStorage: Time (s): cpu = 00:00:00.06 ; elapsed = 00:00:00.02 . Memory (MB): peak = 2787.117 ; gain = 0.000 ; free physical = 6177 ; free virtual = 22381
Wrote Netlist Cache: Time (s): cpu = 00:00:00 ; elapsed = 00:00:00 . Memory (MB): peak = 2787.117 ; gain = 0.000 ; free physical = 6177 ; free virtual = 22381
Wrote Device Cache: Time (s): cpu = 00:00:00.02 ; elapsed = 00:00:00.01 . Memory (MB): peak = 2787.117 ; gain = 0.000 ; free physical = 6177 ; free virtual = 22382
Write Physdb Complete: Time (s): cpu = 00:00:00.08 ; elapsed = 00:00:00.04 . Memory (MB): peak = 2787.117 ; gain = 0.000 ; free physical = 6177 ; free virtual = 22382
INFO: [Common 17-1381] The checkpoint '/home/prormrxcn-meow/practice_2/practice_2.runs/impl_1/top_opt.dcp' has been generated.
Command: place_design
Attempting to get a license for feature 'Implementation' and/or device 'xc7a35t'
INFO: [Common 17-349] Got license for feature 'Implementation' and/or device 'xc7a35t'
INFO: [Common 17-83] Releasing license: Implementation
INFO: [DRC 23-27] Running DRC with 8 threads
INFO: [Vivado_Tcl 4-198] DRC finished with 0 Errors
INFO: [Vivado_Tcl 4-199] Please refer to the DRC report (report_drc) for more information.
Running DRC as a precondition to command place_design
INFO: [DRC 23-27] Running DRC with 8 threads
INFO: [Vivado_Tcl 4-198] DRC finished with 0 Errors
INFO: [Vivado_Tcl 4-199] Please refer to the DRC report (report_drc) for more information.
INFO: [Place 30-611] Multithreading enabled for place_design using a maximum of 8 CPUs

Starting Placer Task

Phase 1 Placer Initialization

Phase 1.1 Placer Initialization Netlist Sorting
Netlist sorting complete. Time (s): cpu = 00:00:00 ; elapsed = 00:00:00 . Memory (MB): peak = 2814.906 ; gain = 0.000 ; free physical = 6126 ; free virtual = 22331
Phase 1.1 Placer Initialization Netlist Sorting | Checksum: 1b5abb105

Time (s): cpu = 00:00:00 ; elapsed = 00:00:00 . Memory (MB): peak = 2814.906 ; gain = 0.000 ; free physical = 6126 ; free virtual = 22331
Netlist sorting complete. Time (s): cpu = 00:00:00 ; elapsed = 00:00:00 . Memory (MB): peak = 2814.906 ; gain = 0.000 ; free physical = 6126 ; free virtual = 22331

Phase 1.2 IO Placement/ Clock Placement/ Build Placer Device
INFO: [Timing 38-35] Done setting XDC timing constraints.
Phase 1.2 IO Placement/ Clock Placement/ Build Placer Device | Checksum: 1209ec0f0

Time (s): cpu = 00:00:00.67 ; elapsed = 00:00:00.25 . Memory (MB): peak = 2814.906 ; gain = 0.000 ; free physical = 6125 ; free virtual = 22331

Phase 1.3 Build Placer Netlist Model
Phase 1.3 Build Placer Netlist Model | Checksum: 1c71194b7

Time (s): cpu = 00:00:01 ; elapsed = 00:00:00.38 . Memory (MB): peak = 2846.922 ; gain = 32.016 ; free physical = 6125 ; free virtual = 22331

Phase 1.4 Constrain Clocks/Macros
Phase 1.4 Constrain Clocks/Macros | Checksum: 1c71194b7

Time (s): cpu = 00:00:01 ; elapsed = 00:00:00.39 . Memory (MB): peak = 2846.922 ; gain = 32.016 ; free physical = 6125 ; free virtual = 22331
Phase 1 Placer Initialization | Checksum: 1c71194b7

Time (s): cpu = 00:00:01 ; elapsed = 00:00:00.39 . Memory (MB): peak = 2846.922 ; gain = 32.016 ; free physical = 6125 ; free virtual = 22331

Phase 2 Global Placement

Phase 2.1 Floorplanning
Phase 2.1 Floorplanning | Checksum: 18f10ee21

Time (s): cpu = 00:00:03 ; elapsed = 00:00:00.6 . Memory (MB): peak = 2846.922 ; gain = 32.016 ; free physical = 6135 ; free virtual = 22340

Phase 2.2 Update Timing before SLR Path Opt
Phase 2.2 Update Timing before SLR Path Opt | Checksum: 20d573e2f

Time (s): cpu = 00:00:03 ; elapsed = 00:00:00.64 . Memory (MB): peak = 2846.922 ; gain = 32.016 ; free physical = 6135 ; free virtual = 22340

Phase 2.3 Post-Processing in Floorplanning
Phase 2.3 Post-Processing in Floorplanning | Checksum: 20d573e2f

Time (s): cpu = 00:00:03 ; elapsed = 00:00:00.64 . Memory (MB): peak = 2846.922 ; gain = 32.016 ; free physical = 6135 ; free virtual = 22340

Phase 2.4 Global Place Phase1
Phase 2.4 Global Place Phase1 | Checksum: 1611c711b

Time (s): cpu = 00:00:12 ; elapsed = 00:00:02 . Memory (MB): peak = 2846.922 ; gain = 32.016 ; free physical = 6150 ; free virtual = 22355

Phase 2.5 Global Place Phase2

Phase 2.5.1 UpdateTiming Before Physical Synthesis
Phase 2.5.1 UpdateTiming Before Physical Synthesis | Checksum: 1611c711b

Time (s): cpu = 00:00:12 ; elapsed = 00:00:02 . Memory (MB): peak = 2846.922 ; gain = 32.016 ; free physical = 6150 ; free virtual = 22355

Phase 2.5.2 Physical Synthesis In Placer
INFO: [Physopt 32-1035] Found 0 LUTNM shape to break, 4 LUT instances to create LUTNM shape
INFO: [Physopt 32-1044] Break lutnm for timing: one critical 0, two critical 0, total 0, new lutff created 0
INFO: [Physopt 32-1138] End 1 Pass. Optimized 2 nets or LUTs. Breaked 0 LUT, combined 2 existing LUTs and moved 0 existing LUT
INFO: [Physopt 32-65] No nets found for high-fanout optimization.
INFO: [Physopt 32-232] Optimized 0 net. Created 0 new instance.
INFO: [Physopt 32-775] End 1 Pass. Optimized 0 net or cell. Created 0 new cell, deleted 0 existing cell and moved 0 existing cell
INFO: [Physopt 32-670] No setup violation found.  DSP Register Optimization was not performed.
INFO: [Physopt 32-670] No setup violation found.  Shift Register to Pipeline Optimization was not performed.
INFO: [Physopt 32-670] No setup violation found.  Shift Register Optimization was not performed.
INFO: [Physopt 32-670] No setup violation found.  BRAM Register Optimization was not performed.
INFO: [Physopt 32-670] No setup violation found.  URAM Register Optimization was not performed.
INFO: [Physopt 32-949] No candidate nets found for dynamic/static region interface net replication
INFO: [Physopt 32-775] End 1 Pass. Optimized 0 net or cell. Created 0 new cell, deleted 0 existing cell and moved 0 existing cell
Netlist sorting complete. Time (s): cpu = 00:00:00 ; elapsed = 00:00:00 . Memory (MB): peak = 2846.922 ; gain = 0.000 ; free physical = 6150 ; free virtual = 22355

Summary of Physical Synthesis Optimizations
============================================


-----------------------------------------------------------------------------------------------------------------------------------------------------------
|  Optimization                                     |  Added Cells  |  Removed Cells  |  Optimized Cells/Nets  |  Dont Touch  |  Iterations  |  Elapsed   |
-----------------------------------------------------------------------------------------------------------------------------------------------------------
|  LUT Combining                                    |            0  |              2  |                     2  |           0  |           1  |  00:00:00  |
|  Retime                                           |            0  |              0  |                     0  |           0  |           1  |  00:00:00  |
|  Very High Fanout                                 |            0  |              0  |                     0  |           0  |           1  |  00:00:00  |
|  DSP Register                                     |            0  |              0  |                     0  |           0  |           0  |  00:00:00  |
|  Shift Register to Pipeline                       |            0  |              0  |                     0  |           0  |           0  |  00:00:00  |
|  Shift Register                                   |            0  |              0  |                     0  |           0  |           0  |  00:00:00  |
|  BRAM Register                                    |            0  |              0  |                     0  |           0  |           0  |  00:00:00  |
|  URAM Register                                    |            0  |              0  |                     0  |           0  |           0  |  00:00:00  |
|  Dynamic/Static Region Interface Net Replication  |            0  |              0  |                     0  |           0  |           1  |  00:00:00  |
|  Total                                            |            0  |              2  |                     2  |           0  |           4  |  00:00:00  |
-----------------------------------------------------------------------------------------------------------------------------------------------------------


Phase 2.5.2 Physical Synthesis In Placer | Checksum: 18613dd7e

Time (s): cpu = 00:00:13 ; elapsed = 00:00:03 . Memory (MB): peak = 2846.922 ; gain = 32.016 ; free physical = 6140 ; free virtual = 22345
Phase 2.5 Global Place Phase2 | Checksum: 1e16bc4d3

Time (s): cpu = 00:00:21 ; elapsed = 00:00:04 . Memory (MB): peak = 2846.922 ; gain = 32.016 ; free physical = 6140 ; free virtual = 22345
Phase 2 Global Placement | Checksum: 1e16bc4d3

Time (s): cpu = 00:00:21 ; elapsed = 00:00:04 . Memory (MB): peak = 2846.922 ; gain = 32.016 ; free physical = 6140 ; free virtual = 22345

Phase 3 Detail Placement

Phase 3.1 Commit Multi Column Macros
Phase 3.1 Commit Multi Column Macros | Checksum: 201f2f1cd

Time (s): cpu = 00:00:21 ; elapsed = 00:00:04 . Memory (MB): peak = 2846.922 ; gain = 32.016 ; free physical = 6140 ; free virtual = 22345

Phase 3.2 Commit Most Macros & LUTRAMs
Phase 3.2 Commit Most Macros & LUTRAMs | Checksum: 14b9f613d

Time (s): cpu = 00:00:21 ; elapsed = 00:00:04 . Memory (MB): peak = 2846.922 ; gain = 32.016 ; free physical = 6140 ; free virtual = 22345

Phase 3.3 Area Swap Optimization
Phase 3.3 Area Swap Optimization | Checksum: 18ad551c8

Time (s): cpu = 00:00:22 ; elapsed = 00:00:04 . Memory (MB): peak = 2846.922 ; gain = 32.016 ; free physical = 6140 ; free virtual = 22345

Phase 3.4 Pipeline Register Optimization
Phase 3.4 Pipeline Register Optimization | Checksum: 1c1dcbae1

Time (s): cpu = 00:00:22 ; elapsed = 00:00:04 . Memory (MB): peak = 2846.922 ; gain = 32.016 ; free physical = 6140 ; free virtual = 22345

Phase 3.5 Small Shape Detail Placement
Phase 3.5 Small Shape Detail Placement | Checksum: 284db8c54

Time (s): cpu = 00:00:23 ; elapsed = 00:00:04 . Memory (MB): peak = 2854.926 ; gain = 40.020 ; free physical = 6141 ; free virtual = 22346

Phase 3.6 Re-assign LUT pins
Phase 3.6 Re-assign LUT pins | Checksum: 19f8414bf

Time (s): cpu = 00:00:23 ; elapsed = 00:00:04 . Memory (MB): peak = 2854.926 ; gain = 40.020 ; free physical = 6141 ; free virtual = 22346

Phase 3.7 Pipeline Register Optimization
Phase 3.7 Pipeline Register Optimization | Checksum: 1e66b0ba6

Time (s): cpu = 00:00:23 ; elapsed = 00:00:04 . Memory (MB): peak = 2854.926 ; gain = 40.020 ; free physical = 6141 ; free virtual = 22346
Phase 3 Detail Placement | Checksum: 1e66b0ba6

Time (s): cpu = 00:00:23 ; elapsed = 00:00:04 . Memory (MB): peak = 2854.926 ; gain = 40.020 ; free physical = 6141 ; free virtual = 22346

Phase 4 Post Placement Optimization and Clean-Up

Phase 4.1 Post Commit Optimization
INFO: [Timing 38-35] Done setting XDC timing constraints.

Phase 4.1.1 Post Placement Optimization
Post Placement Optimization Initialization | Checksum: 20104da45

Phase 4.1.1.1 BUFG Insertion

Starting Physical Synthesis Task

Phase 1 Physical Synthesis Initialization
INFO: [Physopt 32-721] Multithreading enabled for phys_opt_design using a maximum of 8 CPUs
INFO: [Physopt 32-619] Estimated Timing Summary | WNS=5.067 | TNS=0.000 |
Phase 1 Physical Synthesis Initialization | Checksum: 1a1cd64f0

Time (s): cpu = 00:00:00.09 ; elapsed = 00:00:00.01 . Memory (MB): peak = 2854.926 ; gain = 0.000 ; free physical = 6141 ; free virtual = 22346
INFO: [Place 46-56] BUFG insertion identified 0 candidate nets. Inserted BUFG: 0, Replicated BUFG Driver: 0, Skipped due to Placement/Routing Conflicts: 0, Skipped due to Timing Degradation: 0, Skipped due to netlist editing failed: 0.
Ending Physical Synthesis Task | Checksum: 1cba18ec2

Time (s): cpu = 00:00:00.11 ; elapsed = 00:00:00.01 . Memory (MB): peak = 2854.926 ; gain = 0.000 ; free physical = 6141 ; free virtual = 22346
Phase 4.1.1.1 BUFG Insertion | Checksum: 20104da45

Time (s): cpu = 00:00:23 ; elapsed = 00:00:04 . Memory (MB): peak = 2854.926 ; gain = 40.020 ; free physical = 6141 ; free virtual = 22346

Phase 4.1.1.2 Post Placement Timing Optimization
INFO: [Place 30-746] Post Placement Timing Summary WNS=5.067. For the most accurate timing information please run report_timing.
Phase 4.1.1.2 Post Placement Timing Optimization | Checksum: 19f471e7b

Time (s): cpu = 00:00:23 ; elapsed = 00:00:04 . Memory (MB): peak = 2854.926 ; gain = 40.020 ; free physical = 6141 ; free virtual = 22346

Time (s): cpu = 00:00:23 ; elapsed = 00:00:04 . Memory (MB): peak = 2854.926 ; gain = 40.020 ; free physical = 6141 ; free virtual = 22346
Phase 4.1 Post Commit Optimization | Checksum: 19f471e7b

Time (s): cpu = 00:00:23 ; elapsed = 00:00:04 . Memory (MB): peak = 2854.926 ; gain = 40.020 ; free physical = 6141 ; free virtual = 22346

Phase 4.2 Post Placement Cleanup
Phase 4.2 Post Placement Cleanup | Checksum: 19f471e7b

Time (s): cpu = 00:00:23 ; elapsed = 00:00:04 . Memory (MB): peak = 2854.926 ; gain = 40.020 ; free physical = 6141 ; free virtual = 22346

Phase 4.3 Placer Reporting

Phase 4.3.1 Print Estimated Congestion
INFO: [Place 30-612] Post-Placement Estimated Congestion 
 ____________________________________________________
|           | Global Congestion | Short Congestion  |
| Direction | Region Size       | Region Size       |
|___________|___________________|___________________|
|      North|                1x1|                1x1|
|___________|___________________|___________________|
|      South|                1x1|                1x1|
|___________|___________________|___________________|
|       East|                1x1|                1x1|
|___________|___________________|___________________|
|       West|                1x1|                1x1|
|___________|___________________|___________________|

Phase 4.3.1 Print Estimated Congestion | Checksum: 19f471e7b

Time (s): cpu = 00:00:24 ; elapsed = 00:00:04 . Memory (MB): peak = 2854.926 ; gain = 40.020 ; free physical = 6141 ; free virtual = 22346
Phase 4.3 Placer Reporting | Checksum: 19f471e7b

Time (s): cpu = 00:00:24 ; elapsed = 00:00:04 . Memory (MB): peak = 2854.926 ; gain = 40.020 ; free physical = 6141 ; free virtual = 22346

Phase 4.4 Final Placement Cleanup
Netlist sorting complete. Time (s): cpu = 00:00:00 ; elapsed = 00:00:00 . Memory (MB): peak = 2854.926 ; gain = 0.000 ; free physical = 6141 ; free virtual = 22346

Time (s): cpu = 00:00:24 ; elapsed = 00:00:04 . Memory (MB): peak = 2854.926 ; gain = 40.020 ; free physical = 6141 ; free virtual = 22346
Phase 4 Post Placement Optimization and Clean-Up | Checksum: 134943fe5

Time (s): cpu = 00:00:24 ; elapsed = 00:00:04 . Memory (MB): peak = 2854.926 ; gain = 40.020 ; free physical = 6141 ; free virtual = 22346
Ending Placer Task | Checksum: 118192fb9

Time (s): cpu = 00:00:24 ; elapsed = 00:00:04 . Memory (MB): peak = 2854.926 ; gain = 40.020 ; free physical = 6141 ; free virtual = 22346
64 Infos, 1 Warnings, 0 Critical Warnings and 0 Errors encountered.
place_design completed successfully
place_design: Time (s): cpu = 00:00:28 ; elapsed = 00:00:05 . Memory (MB): peak = 2854.926 ; gain = 67.809 ; free physical = 6141 ; free virtual = 22346
INFO: [Vivado 12-24838] Running report commands "report_control_sets, report_io, report_utilization" in parallel.
Running report generation with 3 threads.
INFO: [Vivado 12-24828] Executing command : report_control_sets -verbose -file top_control_sets_placed.rpt
report_control_sets: Time (s): cpu = 00:00:00.05 ; elapsed = 00:00:00.04 . Memory (MB): peak = 2854.926 ; gain = 0.000 ; free physical = 6125 ; free virtual = 22330
INFO: [Vivado 12-24828] Executing command : report_utilization -file top_utilization_placed.rpt -pb top_utilization_placed.pb
INFO: [Vivado 12-24828] Executing command : report_io -file top_io_placed.rpt
report_io: Time (s): cpu = 00:00:00.19 ; elapsed = 00:00:00.16 . Memory (MB): peak = 2854.926 ; gain = 0.000 ; free physical = 6117 ; free virtual = 22322
INFO: [Timing 38-480] Writing timing data to binary archive.
Write ShapeDB Complete: Time (s): cpu = 00:00:00 ; elapsed = 00:00:00 . Memory (MB): peak = 2854.926 ; gain = 0.000 ; free physical = 6117 ; free virtual = 22322
Wrote PlaceDB: Time (s): cpu = 00:00:00.05 ; elapsed = 00:00:00.02 . Memory (MB): peak = 2854.926 ; gain = 0.000 ; free physical = 6117 ; free virtual = 22322
Wrote PulsedLatchDB: Time (s): cpu = 00:00:00 ; elapsed = 00:00:00 . Memory (MB): peak = 2854.926 ; gain = 0.000 ; free physical = 6117 ; free virtual = 22322
Writing XDEF routing.
Writing XDEF routing logical nets.
Writing XDEF routing special nets.
Wrote RouteStorage: Time (s): cpu = 00:00:00.04 ; elapsed = 00:00:00.02 . Memory (MB): peak = 2854.926 ; gain = 0.000 ; free physical = 6117 ; free virtual = 22322
Wrote Netlist Cache: Time (s): cpu = 00:00:00 ; elapsed = 00:00:00 . Memory (MB): peak = 2854.926 ; gain = 0.000 ; free physical = 6117 ; free virtual = 22322
Wrote Device Cache: Time (s): cpu = 00:00:00.01 ; elapsed = 00:00:00.01 . Memory (MB): peak = 2854.926 ; gain = 0.000 ; free physical = 6116 ; free virtual = 22322
Write Physdb Complete: Time (s): cpu = 00:00:00.11 ; elapsed = 00:00:00.05 . Memory (MB): peak = 2854.926 ; gain = 0.000 ; free physical = 6116 ; free virtual = 22322
INFO: [Common 17-1381] The checkpoint '/home/prormrxcn-meow/practice_2/practice_2.runs/impl_1/top_placed.dcp' has been generated.
Command: phys_opt_design
Attempting to get a license for feature 'Implementation' and/or device 'xc7a35t'
INFO: [Common 17-349] Got license for feature 'Implementation' and/or device 'xc7a35t'

Starting Initial Update Timing Task

Time (s): cpu = 00:00:00.04 ; elapsed = 00:00:00.04 . Memory (MB): peak = 2854.926 ; gain = 0.000 ; free physical = 6096 ; free virtual = 22301
INFO: [Vivado_Tcl 4-2279] Estimated Timing Summary | WNS= 5.067 | TNS= 0.000 | 
INFO: [Vivado_Tcl 4-383] Design worst setup slack (WNS) is greater than or equal to 0.000 ns. All physical synthesis setup optimizations will be skipped.
INFO: [Vivado_Tcl 4-232] No setup violation found. The netlist was not modified.
INFO: [Common 17-83] Releasing license: Implementation
75 Infos, 1 Warnings, 0 Critical Warnings and 0 Errors encountered.
phys_opt_design completed successfully
INFO: [Timing 38-480] Writing timing data to binary archive.
Write ShapeDB Complete: Time (s): cpu = 00:00:00.01 ; elapsed = 00:00:00 . Memory (MB): peak = 2854.926 ; gain = 0.000 ; free physical = 6096 ; free virtual = 22301
Wrote PlaceDB: Time (s): cpu = 00:00:00.04 ; elapsed = 00:00:00.01 . Memory (MB): peak = 2854.926 ; gain = 0.000 ; free physical = 6091 ; free virtual = 22297
Wrote PulsedLatchDB: Time (s): cpu = 00:00:00 ; elapsed = 00:00:00 . Memory (MB): peak = 2854.926 ; gain = 0.000 ; free physical = 6091 ; free virtual = 22297
Writing XDEF routing.
Writing XDEF routing logical nets.
Writing XDEF routing special nets.
Wrote RouteStorage: Time (s): cpu = 00:00:00.04 ; elapsed = 00:00:00.02 . Memory (MB): peak = 2854.926 ; gain = 0.000 ; free physical = 6091 ; free virtual = 22297
Wrote Netlist Cache: Time (s): cpu = 00:00:00 ; elapsed = 00:00:00 . Memory (MB): peak = 2854.926 ; gain = 0.000 ; free physical = 6091 ; free virtual = 22297
Wrote Device Cache: Time (s): cpu = 00:00:00.01 ; elapsed = 00:00:00.01 . Memory (MB): peak = 2854.926 ; gain = 0.000 ; free physical = 6090 ; free virtual = 22296
Write Physdb Complete: Time (s): cpu = 00:00:00.1 ; elapsed = 00:00:00.04 . Memory (MB): peak = 2854.926 ; gain = 0.000 ; free physical = 6090 ; free virtual = 22296
INFO: [Common 17-1381] The checkpoint '/home/prormrxcn-meow/practice_2/practice_2.runs/impl_1/top_physopt.dcp' has been generated.
Command: route_design
Attempting to get a license for feature 'Implementation' and/or device 'xc7a35t'
INFO: [Common 17-349] Got license for feature 'Implementation' and/or device 'xc7a35t'


Starting Routing Task
INFO: [Route 35-254] Multithreading enabled for route_design using a maximum of 8 CPUs

Phase 1 Build RT Design
Checksum: PlaceDB: 78b9971 ConstDB: 0 ShapeSum: 700c39f1 RouteDB: a0815c57
Post Restoration Checksum: NetGraph: cac230a2 | NumContArr: ffb3a5b7 | Constraints: c2a8fa9d | Timing: c2a8fa9d
Phase 1 Build RT Design | Checksum: 34fc7cb93

Time (s): cpu = 00:00:18 ; elapsed = 00:00:16 . Memory (MB): peak = 2929.332 ; gain = 74.406 ; free physical = 5976 ; free virtual = 22182

Phase 2 Router Initialization

Phase 2.1 Fix Topology Constraints
Phase 2.1 Fix Topology Constraints | Checksum: 34fc7cb93

Time (s): cpu = 00:00:18 ; elapsed = 00:00:16 . Memory (MB): peak = 2929.332 ; gain = 74.406 ; free physical = 5976 ; free virtual = 22182

Phase 2.2 Pre Route Cleanup
Phase 2.2 Pre Route Cleanup | Checksum: 34fc7cb93

Time (s): cpu = 00:00:18 ; elapsed = 00:00:16 . Memory (MB): peak = 2929.332 ; gain = 74.406 ; free physical = 5976 ; free virtual = 22182
 Number of Nodes with overlaps = 0

Phase 2.3 Update Timing
Phase 2.3 Update Timing | Checksum: 294d51bc7

Time (s): cpu = 00:00:18 ; elapsed = 00:00:16 . Memory (MB): peak = 2954.332 ; gain = 99.406 ; free physical = 5952 ; free virtual = 22158
INFO: [Route 35-416] Intermediate Timing Summary | WNS=5.068  | TNS=0.000  | WHS=-0.048 | THS=-0.249 |


Phase 2.4 Soft Constraint Pins - Fast Budgeting
Phase 2.4 Soft Constraint Pins - Fast Budgeting | Checksum: 20d938d02

Time (s): cpu = 00:00:18 ; elapsed = 00:00:16 . Memory (MB): peak = 2970.332 ; gain = 115.406 ; free physical = 5944 ; free virtual = 22150

Router Utilization Summary
  Global Vertical Routing Utilization    = 0 %
  Global Horizontal Routing Utilization  = 0 %
  Routable Net Status*
  *Does not include unroutable nets such as driverless and loadless.
  Run report_route_status for detailed report.
  Number of Failed Nets               = 147
    (Failed Nets is the sum of unrouted and partially routed nets)
  Number of Unrouted Nets             = 147
  Number of Partially Routed Nets     = 0
  Number of Node Overlaps             = 0

Phase 2 Router Initialization | Checksum: 20d938d02

Time (s): cpu = 00:00:19 ; elapsed = 00:00:16 . Memory (MB): peak = 2970.332 ; gain = 115.406 ; free physical = 5944 ; free virtual = 22150

Phase 3 Global Routing
Phase 3 Global Routing | Checksum: 20d938d02

Time (s): cpu = 00:00:19 ; elapsed = 00:00:16 . Memory (MB): peak = 2970.332 ; gain = 115.406 ; free physical = 5944 ; free virtual = 22150

Phase 4 Initial Routing

Phase 4.1 Initial Net Routing Pass
Phase 4.1 Initial Net Routing Pass | Checksum: 26f0a8663

Time (s): cpu = 00:00:19 ; elapsed = 00:00:16 . Memory (MB): peak = 2970.332 ; gain = 115.406 ; free physical = 5944 ; free virtual = 22150
Phase 4 Initial Routing | Checksum: 26f0a8663

Time (s): cpu = 00:00:19 ; elapsed = 00:00:16 . Memory (MB): peak = 2970.332 ; gain = 115.406 ; free physical = 5944 ; free virtual = 22150

Phase 5 Rip-up And Reroute

Phase 5.1 Global Iteration 0
 Number of Nodes with overlaps = 10
 Number of Nodes with overlaps = 0
INFO: [Route 35-416] Intermediate Timing Summary | WNS=4.911  | TNS=0.000  | WHS=N/A    | THS=N/A    |

Phase 5.1 Global Iteration 0 | Checksum: 2a4f08501

Time (s): cpu = 00:00:19 ; elapsed = 00:00:16 . Memory (MB): peak = 2970.332 ; gain = 115.406 ; free physical = 5944 ; free virtual = 22150
Phase 5 Rip-up And Reroute | Checksum: 2a4f08501

Time (s): cpu = 00:00:19 ; elapsed = 00:00:16 . Memory (MB): peak = 2970.332 ; gain = 115.406 ; free physical = 5944 ; free virtual = 22150

Phase 6 Delay and Skew Optimization

Phase 6.1 Delay CleanUp

Phase 6.1.1 Update Timing
Phase 6.1.1 Update Timing | Checksum: 31521dfdd

Time (s): cpu = 00:00:19 ; elapsed = 00:00:16 . Memory (MB): peak = 2970.332 ; gain = 115.406 ; free physical = 5944 ; free virtual = 22150
INFO: [Route 35-416] Intermediate Timing Summary | WNS=5.003  | TNS=0.000  | WHS=N/A    | THS=N/A    |

Phase 6.1 Delay CleanUp | Checksum: 31521dfdd

Time (s): cpu = 00:00:19 ; elapsed = 00:00:16 . Memory (MB): peak = 2970.332 ; gain = 115.406 ; free physical = 5944 ; free virtual = 22150

Phase 6.2 Clock Skew Optimization
Phase 6.2 Clock Skew Optimization | Checksum: 31521dfdd

Time (s): cpu = 00:00:19 ; elapsed = 00:00:16 . Memory (MB): peak = 2970.332 ; gain = 115.406 ; free physical = 5944 ; free virtual = 22150
Phase 6 Delay and Skew Optimization | Checksum: 31521dfdd

Time (s): cpu = 00:00:19 ; elapsed = 00:00:16 . Memory (MB): peak = 2970.332 ; gain = 115.406 ; free physical = 5944 ; free virtual = 22150

Phase 7 Post Hold Fix

Phase 7.1 Hold Fix Iter
INFO: [Route 35-416] Intermediate Timing Summary | WNS=5.003  | TNS=0.000  | WHS=0.200  | THS=0.000  |

Phase 7.1 Hold Fix Iter | Checksum: 2e003f2cd

Time (s): cpu = 00:00:19 ; elapsed = 00:00:16 . Memory (MB): peak = 2970.332 ; gain = 115.406 ; free physical = 5944 ; free virtual = 22150
Phase 7 Post Hold Fix | Checksum: 2e003f2cd

Time (s): cpu = 00:00:19 ; elapsed = 00:00:16 . Memory (MB): peak = 2970.332 ; gain = 115.406 ; free physical = 5944 ; free virtual = 22150

Phase 8 Route finalize

Router Utilization Summary
  Global Vertical Routing Utilization    = 0.0569242 %
  Global Horizontal Routing Utilization  = 0.0877147 %
  Routable Net Status*
  *Does not include unroutable nets such as driverless and loadless.
  Run report_route_status for detailed report.
  Number of Failed Nets               = 0
    (Failed Nets is the sum of unrouted and partially routed nets)
  Number of Unrouted Nets             = 0
  Number of Partially Routed Nets     = 0
  Number of Node Overlaps             = 0

Phase 8 Route finalize | Checksum: 2e003f2cd

Time (s): cpu = 00:00:19 ; elapsed = 00:00:16 . Memory (MB): peak = 2970.332 ; gain = 115.406 ; free physical = 5944 ; free virtual = 22150

Phase 9 Verifying routed nets

 Verification completed successfully
Phase 9 Verifying routed nets | Checksum: 2e003f2cd

Time (s): cpu = 00:00:19 ; elapsed = 00:00:16 . Memory (MB): peak = 2970.332 ; gain = 115.406 ; free physical = 5944 ; free virtual = 22150

Phase 10 Depositing Routes
Phase 10 Depositing Routes | Checksum: 320e57f3e

Time (s): cpu = 00:00:19 ; elapsed = 00:00:16 . Memory (MB): peak = 2970.332 ; gain = 115.406 ; free physical = 5944 ; free virtual = 22150

Phase 11 Post Process Routing
Phase 11 Post Process Routing | Checksum: 320e57f3e

Time (s): cpu = 00:00:19 ; elapsed = 00:00:16 . Memory (MB): peak = 2970.332 ; gain = 115.406 ; free physical = 5944 ; free virtual = 22150

Phase 12 Post Router Timing
INFO: [Route 35-57] Estimated Timing Summary | WNS=5.003  | TNS=0.000  | WHS=0.200  | THS=0.000  |

INFO: [Route 35-327] The final timing numbers are based on the router estimated timing analysis. For a complete and accurate timing signoff, please run report_timing_summary.
Phase 12 Post Router Timing | Checksum: 320e57f3e

Time (s): cpu = 00:00:19 ; elapsed = 00:00:16 . Memory (MB): peak = 2970.332 ; gain = 115.406 ; free physical = 5944 ; free virtual = 22150
Total Elapsed time in route_design: 16.25 secs

Phase 13 Post-Route Event Processing
Phase 13 Post-Route Event Processing | Checksum: 1e7e019ea

Time (s): cpu = 00:00:19 ; elapsed = 00:00:16 . Memory (MB): peak = 2970.332 ; gain = 115.406 ; free physical = 5944 ; free virtual = 22150
INFO: [Route 35-16] Router Completed Successfully
Ending Routing Task | Checksum: 1e7e019ea

Time (s): cpu = 00:00:19 ; elapsed = 00:00:16 . Memory (MB): peak = 2970.332 ; gain = 115.406 ; free physical = 5944 ; free virtual = 22150

Routing Is Done.
INFO: [Common 17-83] Releasing license: Implementation
87 Infos, 1 Warnings, 0 Critical Warnings and 0 Errors encountered.
route_design completed successfully
route_design: Time (s): cpu = 00:00:19 ; elapsed = 00:00:16 . Memory (MB): peak = 2970.332 ; gain = 115.406 ; free physical = 5944 ; free virtual = 22150
INFO: [Vivado 12-24828] Executing command : report_drc -file top_drc_routed.rpt -pb top_drc_routed.pb -rpx top_drc_routed.rpx
Command: report_drc -file top_drc_routed.rpt -pb top_drc_routed.pb -rpx top_drc_routed.rpx
INFO: [IP_Flow 19-1839] IP Catalog is up to date.
INFO: [DRC 23-27] Running DRC with 8 threads
INFO: [Vivado_Tcl 2-168] The results of DRC are in file /home/prormrxcn-meow/practice_2/practice_2.runs/impl_1/top_drc_routed.rpt.
report_drc completed successfully
INFO: [Vivado 12-24828] Executing command : report_methodology -file top_methodology_drc_routed.rpt -pb top_methodology_drc_routed.pb -rpx top_methodology_drc_routed.rpx
Command: report_methodology -file top_methodology_drc_routed.rpt -pb top_methodology_drc_routed.pb -rpx top_methodology_drc_routed.rpx
INFO: [Timing 38-35] Done setting XDC timing constraints.
INFO: [DRC 23-133] Running Methodology with 8 threads
INFO: [Vivado_Tcl 2-1520] The results of Report Methodology are in file /home/prormrxcn-meow/practice_2/practice_2.runs/impl_1/top_methodology_drc_routed.rpt.
report_methodology completed successfully
INFO: [Vivado 12-24828] Executing command : report_timing_summary -max_paths 10 -routable_nets -report_unconstrained -file top_timing_summary_routed.rpt -pb top_timing_summary_routed.pb -rpx top_timing_summary_routed.rpx -warn_on_violation 
INFO: [Timing 38-35] Done setting XDC timing constraints.
INFO: [Timing 38-91] UpdateTimingParams: Speed grade: -1, Delay Type: min_max.
INFO: [Timing 38-191] Multithreading enabled for timing update using a maximum of 8 CPUs
INFO: [Vivado 12-24838] Running report commands "report_bus_skew, report_incremental_reuse, report_route_status" in parallel.
Running report generation with 3 threads.
INFO: [Vivado 12-24828] Executing command : report_incremental_reuse -file top_incremental_reuse_routed.rpt
INFO: [Vivado_Tcl 4-1062] Incremental flow is disabled. No incremental reuse Info to report.
INFO: [Vivado 12-24828] Executing command : report_route_status -file top_route_status.rpt -pb top_route_status.pb
INFO: [Vivado 12-24828] Executing command : report_bus_skew -warn_on_violation -file top_bus_skew_routed.rpt -pb top_bus_skew_routed.pb -rpx top_bus_skew_routed.rpx
INFO: [Timing 38-91] UpdateTimingParams: Speed grade: -1, Delay Type: min_max.
INFO: [Timing 38-191] Multithreading enabled for timing update using a maximum of 8 CPUs
INFO: [Vivado 12-24828] Executing command : report_power -file top_power_routed.rpt -pb top_power_summary_routed.pb -rpx top_power_routed.rpx
Command: report_power -file top_power_routed.rpt -pb top_power_summary_routed.pb -rpx top_power_routed.rpx
Running Vector-less Activity Propagation...

Finished Running Vector-less Activity Propagation
107 Infos, 1 Warnings, 0 Critical Warnings and 0 Errors encountered.
report_power completed successfully
INFO: [Vivado 12-24828] Executing command : report_clock_utilization -file top_clock_utilization_routed.rpt
INFO: [Timing 38-480] Writing timing data to binary archive.
Write ShapeDB Complete: Time (s): cpu = 00:00:00 ; elapsed = 00:00:00 . Memory (MB): peak = 3105.371 ; gain = 0.000 ; free physical = 5840 ; free virtual = 22047
Wrote PlaceDB: Time (s): cpu = 00:00:00.04 ; elapsed = 00:00:00.01 . Memory (MB): peak = 3105.371 ; gain = 0.000 ; free physical = 5840 ; free virtual = 22047
Wrote PulsedLatchDB: Time (s): cpu = 00:00:00 ; elapsed = 00:00:00 . Memory (MB): peak = 3105.371 ; gain = 0.000 ; free physical = 5840 ; free virtual = 22047
Writing XDEF routing.
Writing XDEF routing logical nets.
Writing XDEF routing special nets.
Wrote RouteStorage: Time (s): cpu = 00:00:00.04 ; elapsed = 00:00:00.03 . Memory (MB): peak = 3105.371 ; gain = 0.000 ; free physical = 5840 ; free virtual = 22047
Wrote Netlist Cache: Time (s): cpu = 00:00:00 ; elapsed = 00:00:00 . Memory (MB): peak = 3105.371 ; gain = 0.000 ; free physical = 5840 ; free virtual = 22047
Wrote Device Cache: Time (s): cpu = 00:00:00.02 ; elapsed = 00:00:00 . Memory (MB): peak = 3105.371 ; gain = 0.000 ; free physical = 5840 ; free virtual = 22047
Write Physdb Complete: Time (s): cpu = 00:00:00.1 ; elapsed = 00:00:00.04 . Memory (MB): peak = 3105.371 ; gain = 0.000 ; free physical = 5840 ; free virtual = 22047
INFO: [Common 17-1381] The checkpoint '/home/prormrxcn-meow/practice_2/practice_2.runs/impl_1/top_routed.dcp' has been generated.
Command: write_bitstream -force top.bit
Attempting to get a license for feature 'Implementation' and/or device 'xc7a35t'
INFO: [Common 17-349] Got license for feature 'Implementation' and/or device 'xc7a35t'
Running DRC as a precondition to command write_bitstream
INFO: [IP_Flow 19-1839] IP Catalog is up to date.
INFO: [DRC 23-27] Running DRC with 8 threads
INFO: [Vivado 12-3199] DRC finished with 0 Errors
INFO: [Vivado 12-3200] Please refer to the DRC report (report_drc) for more information.
INFO: [Designutils 20-2272] Running write_bitstream with 8 threads.
Loading data files...
Loading site data...
Loading route data...
Processing options...
Creating bitmap...
Creating bitstream...
Bitstream compression saved 14518944 bits.
Writing bitstream ./top.bit...
INFO: [Vivado 12-1842] Bitgen Completed Successfully.
INFO: [Project 1-1876] WebTalk data collection is mandatory when using a ULT device. To see the specific WebTalk data collected for your design, open the usage_statistics_webtalk.html or usage_statistics_webtalk.xml file in the implementation directory.
INFO: [Common 17-83] Releasing license: Implementation
119 Infos, 1 Warnings, 0 Critical Warnings and 0 Errors encountered.
write_bitstream completed successfully
write_bitstream: Time (s): cpu = 00:00:16 ; elapsed = 00:00:27 . Memory (MB): peak = 3331.480 ; gain = 226.109 ; free physical = 5574 ; free virtual = 21778
INFO: [Common 17-206] Exiting Vivado at Wed Sep 24 09:44:28 2025...
