Copyright 1986-2022 Xilinx, Inc. All Rights Reserved. Copyright 2022-2025 Advanced Micro Devices, Inc. All Rights Reserved.
---------------------------------------------------------------------------------------------------------------------------------------------
| Tool Version : Vivado v.2025.1 (lin64) Build 6140274 Wed May 21 22:58:25 MDT 2025
| Date         : Wed Sep 24 09:43:39 2025
| Host         : meow running 64-bit Debian GNU/Linux 13 (trixie)
| Command      : report_control_sets -verbose -file top_control_sets_placed.rpt
| Design       : top
| Device       : xc7a35t
---------------------------------------------------------------------------------------------------------------------------------------------

Control Set Information

Table of Contents
-----------------
1. Summary
2. Histogram
3. Flip-Flop Distribution
4. Detailed Control Set Information

1. Summary
----------

+----------------------------------------------------------+-------+
|                          Status                          | Count |
+----------------------------------------------------------+-------+
| Total control sets                                       |     6 |
|    Minimum number of control sets                        |     6 |
|    Addition due to synthesis replication                 |     0 |
|    Addition due to physical synthesis replication        |     0 |
| Unused register locations in slices containing registers |    26 |
+----------------------------------------------------------+-------+
* Control sets can be merged at opt_design using control_set_merge or merge_equivalent_drivers
** Run report_qor_suggestions for automated merging and remapping suggestions


2. Histogram
------------

+--------------------+-------+
|       Fanout       | Count |
+--------------------+-------+
| Total control sets |     6 |
| >= 0 to < 4        |     1 |
| >= 4 to < 6        |     2 |
| >= 6 to < 8        |     1 |
| >= 8 to < 10       |     0 |
| >= 10 to < 12      |     0 |
| >= 12 to < 14      |     0 |
| >= 14 to < 16      |     1 |
| >= 16              |     1 |
+--------------------+-------+
* Control sets can be remapped at either synth_design or opt_design


3. Flip-Flop Distribution
-------------------------

+--------------+-----------------------+------------------------+-----------------+--------------+
| Clock Enable | Synchronous Set/Reset | Asynchronous Set/Reset | Total Registers | Total Slices |
+--------------+-----------------------+------------------------+-----------------+--------------+
| No           | No                    | No                     |               0 |            0 |
| No           | No                    | Yes                    |               0 |            0 |
| No           | Yes                   | No                     |              25 |           10 |
| Yes          | No                    | No                     |               6 |            1 |
| Yes          | No                    | Yes                    |               0 |            0 |
| Yes          | Yes                   | No                     |              23 |            7 |
+--------------+-----------------------+------------------------+-----------------+--------------+


4. Detailed Control Set Information
-----------------------------------

+--------------------+--------------------------------+--------------------------------+------------------+----------------+--------------+
|    Clock Signal    |          Enable Signal         |        Set/Reset Signal        | Slice Load Count | Bel Load Count | Bels / Slice |
+--------------------+--------------------------------+--------------------------------+------------------+----------------+--------------+
|  led_clk_OBUF_BUFG | uart_tx/tx_i_2_n_0             | uart_tx/tx_i_1_n_0             |                1 |              1 |         1.00 |
|  led_clk_OBUF_BUFG | uart_tx/shift_reg[9]_i_1_n_0   | rst_IBUF                       |                1 |              4 |         4.00 |
|  led_clk_OBUF_BUFG | uart_tx/bit_counter[3]_i_2_n_0 | uart_tx/bit_counter[3]_i_1_n_0 |                1 |              4 |         4.00 |
|  led_clk_OBUF_BUFG | uart_tx/shift_reg[9]_i_1_n_0   |                                |                1 |              6 |         6.00 |
|  led_clk_OBUF_BUFG | uart_tx/state_reg_0            | uart_tx/counter[0]_i_1_n_0     |                4 |             14 |         3.50 |
|  led_clk_OBUF_BUFG |                                | rst_IBUF                       |               10 |             25 |         2.50 |
+--------------------+--------------------------------+--------------------------------+------------------+----------------+--------------+


