
*** Running vivado
    with args -log top.vds -m64 -product Vivado -mode batch -messageDb vivado.pb -notrace -source top.tcl


****** Vivado v2025.1 (64-bit)
  **** SW Build 6140274 on Wed May 21 22:58:25 MDT 2025
  **** IP Build 6138677 on Thu May 22 03:10:11 MDT 2025
  **** SharedData Build 6139179 on Tue May 20 17:58:58 MDT 2025
  **** Start of session at: Sun Sep 21 13:20:15 2025
    ** Copyright 1986-2022 Xilinx, Inc. All Rights Reserved.
    ** Copyright 2022-2025 Advanced Micro Devices, Inc. All Rights Reserved.

source top.tcl -notrace
Command: read_checkpoint -auto_incremental -incremental /home/prormrxcn-meow/practice_2/practice_2.srcs/utils_1/imports/synth_1/calaculator.dcp
INFO: [Vivado 12-5825] Read reference checkpoint from /home/prormrxcn-meow/practice_2/practice_2.srcs/utils_1/imports/synth_1/calaculator.dcp for incremental synthesis
INFO: [Vivado 12-7989] Please ensure there are no constraint changes
Command: synth_design -top top -part xc7a35tcpg236-1
Starting synth_design
Attempting to get a license for feature 'Synthesis' and/or device 'xc7a35t'
INFO: [Common 17-349] Got license for feature 'Synthesis' and/or device 'xc7a35t'
INFO: [Device 21-403] Loading part xc7a35tcpg236-1
INFO: [Designutils 20-5440] No compile time benefit to using incremental synthesis; A full resynthesis will be run
INFO: [Designutils 20-4379] Flow is switching to default flow due to incremental criteria not met. If you would like to alter this behaviour and have the flow terminate instead, please set the following parameter config_implementation {autoIncr.Synth.RejectBehavior Terminate}
INFO: [Synth 8-7079] Multithreading enabled for synth_design using a maximum of 7 processes.
INFO: [Synth 8-7078] Launching helper process for spawning children vivado processes
INFO: [Synth 8-7075] Helper process launched with PID 55946
---------------------------------------------------------------------------------
Starting RTL Elaboration : Time (s): cpu = 00:00:05 ; elapsed = 00:00:05 . Memory (MB): peak = 2088.535 ; gain = 438.742 ; free physical = 6254 ; free virtual = 22598
---------------------------------------------------------------------------------
INFO: [Synth 8-6157] synthesizing module 'top' [/home/prormrxcn-meow/practice_2/practice_2.srcs/sources_1/new/calaculator.v:22]
INFO: [Synth 8-6157] synthesizing module 'calaculator' [/home/prormrxcn-meow/practice_2/practice_2.srcs/sources_1/new/calaculator.v:47]
INFO: [Synth 8-6157] synthesizing module 'adder_4bit' [/home/prormrxcn-meow/practice_2/practice_2.srcs/sources_1/new/calaculator.v:85]
INFO: [Synth 8-6157] synthesizing module 'full_adder' [/home/prormrxcn-meow/practice_2/practice_2.srcs/sources_1/new/calaculator.v:77]
INFO: [Synth 8-6155] done synthesizing module 'full_adder' (0#1) [/home/prormrxcn-meow/practice_2/practice_2.srcs/sources_1/new/calaculator.v:77]
INFO: [Synth 8-6155] done synthesizing module 'adder_4bit' (0#1) [/home/prormrxcn-meow/practice_2/practice_2.srcs/sources_1/new/calaculator.v:85]
INFO: [Synth 8-6157] synthesizing module 'multiply' [/home/prormrxcn-meow/practice_2/practice_2.srcs/sources_1/new/calaculator.v:101]
INFO: [Synth 8-6155] done synthesizing module 'multiply' (0#1) [/home/prormrxcn-meow/practice_2/practice_2.srcs/sources_1/new/calaculator.v:101]
INFO: [Synth 8-226] default block is never used [/home/prormrxcn-meow/practice_2/practice_2.srcs/sources_1/new/calaculator.v:60]
INFO: [Synth 8-6155] done synthesizing module 'calaculator' (0#1) [/home/prormrxcn-meow/practice_2/practice_2.srcs/sources_1/new/calaculator.v:47]
INFO: [Synth 8-6157] synthesizing module 'seven_seg_driver' [/home/prormrxcn-meow/practice_2/practice_2.srcs/sources_1/new/calaculator.v:109]
INFO: [Synth 8-6155] done synthesizing module 'seven_seg_driver' (0#1) [/home/prormrxcn-meow/practice_2/practice_2.srcs/sources_1/new/calaculator.v:109]
INFO: [Synth 8-6155] done synthesizing module 'top' (0#1) [/home/prormrxcn-meow/practice_2/practice_2.srcs/sources_1/new/calaculator.v:22]
---------------------------------------------------------------------------------
Finished RTL Elaboration : Time (s): cpu = 00:00:06 ; elapsed = 00:00:06 . Memory (MB): peak = 2161.473 ; gain = 511.680 ; free physical = 6175 ; free virtual = 22519
---------------------------------------------------------------------------------
---------------------------------------------------------------------------------
Start Handling Custom Attributes
---------------------------------------------------------------------------------
---------------------------------------------------------------------------------
Finished Handling Custom Attributes : Time (s): cpu = 00:00:06 ; elapsed = 00:00:06 . Memory (MB): peak = 2179.285 ; gain = 529.492 ; free physical = 6163 ; free virtual = 22507
---------------------------------------------------------------------------------
---------------------------------------------------------------------------------
Finished RTL Optimization Phase 1 : Time (s): cpu = 00:00:06 ; elapsed = 00:00:06 . Memory (MB): peak = 2179.285 ; gain = 529.492 ; free physical = 6163 ; free virtual = 22507
---------------------------------------------------------------------------------
Netlist sorting complete. Time (s): cpu = 00:00:00 ; elapsed = 00:00:00 . Memory (MB): peak = 2179.285 ; gain = 0.000 ; free physical = 6163 ; free virtual = 22507
INFO: [Project 1-570] Preparing netlist for logic optimization

Processing XDC Constraints
Initializing timing engine
Parsing XDC File [/home/prormrxcn-meow/practice_2/practice_2.srcs/constrs_1/new/master.xdc]
WARNING: [Constraints 18-619] A clock with name 'sys_clk_pin' already exists, overwriting the previous clock with the same name. [/home/prormrxcn-meow/practice_2/practice_2.srcs/constrs_1/new/master.xdc:5]
Finished Parsing XDC File [/home/prormrxcn-meow/practice_2/practice_2.srcs/constrs_1/new/master.xdc]
INFO: [Project 1-236] Implementation specific constraints were found while reading constraint file [/home/prormrxcn-meow/practice_2/practice_2.srcs/constrs_1/new/master.xdc]. These constraints will be ignored for synthesis but will be used in implementation. Impacted constraints are listed in the file [.Xil/top_propImpl.xdc].
Resolution: To avoid this warning, move constraints listed in [.Xil/top_propImpl.xdc] to another XDC file and exclude this new file from synthesis with the used_in_synthesis property (File Properties dialog in GUI) and re-run elaboration/synthesis.
Completed Processing XDC Constraints

Netlist sorting complete. Time (s): cpu = 00:00:00 ; elapsed = 00:00:00 . Memory (MB): peak = 2291.023 ; gain = 0.000 ; free physical = 6125 ; free virtual = 22470
INFO: [Project 1-111] Unisim Transformation Summary:
No Unisim elements were transformed.

Constraint Validation Runtime : Time (s): cpu = 00:00:00 ; elapsed = 00:00:00 . Memory (MB): peak = 2291.059 ; gain = 0.000 ; free physical = 6125 ; free virtual = 22470
INFO: [Designutils 20-5440] No compile time benefit to using incremental synthesis; A full resynthesis will be run
INFO: [Designutils 20-4379] Flow is switching to default flow due to incremental criteria not met. If you would like to alter this behaviour and have the flow terminate instead, please set the following parameter config_implementation {autoIncr.Synth.RejectBehavior Terminate}
---------------------------------------------------------------------------------
Finished Constraint Validation : Time (s): cpu = 00:00:14 ; elapsed = 00:00:14 . Memory (MB): peak = 2291.059 ; gain = 641.266 ; free physical = 6127 ; free virtual = 22472
---------------------------------------------------------------------------------
---------------------------------------------------------------------------------
Start Loading Part and Timing Information
---------------------------------------------------------------------------------
Loading part: xc7a35tcpg236-1
---------------------------------------------------------------------------------
Finished Loading Part and Timing Information : Time (s): cpu = 00:00:14 ; elapsed = 00:00:14 . Memory (MB): peak = 2299.027 ; gain = 649.234 ; free physical = 6127 ; free virtual = 22472
---------------------------------------------------------------------------------
---------------------------------------------------------------------------------
Start Applying 'set_property' XDC Constraints
---------------------------------------------------------------------------------
---------------------------------------------------------------------------------
Finished applying 'set_property' XDC Constraints : Time (s): cpu = 00:00:14 ; elapsed = 00:00:14 . Memory (MB): peak = 2299.027 ; gain = 649.234 ; free physical = 6127 ; free virtual = 22472
---------------------------------------------------------------------------------
---------------------------------------------------------------------------------
Finished RTL Optimization Phase 2 : Time (s): cpu = 00:00:14 ; elapsed = 00:00:14 . Memory (MB): peak = 2299.027 ; gain = 649.234 ; free physical = 6130 ; free virtual = 22476
---------------------------------------------------------------------------------
---------------------------------------------------------------------------------
Start RTL Component Statistics 
---------------------------------------------------------------------------------
Detailed RTL Component Info : 
+---Adders : 
	   4 Input    8 Bit       Adders := 1     
	   3 Input    4 Bit       Adders := 1     
+---XORs : 
	   2 Input      1 Bit         XORs := 8     
+---Registers : 
	                8 Bit    Registers := 1     
+---Muxes : 
	   2 Input    8 Bit        Muxes := 1     
	   4 Input    8 Bit        Muxes := 1     
	   4 Input    4 Bit        Muxes := 1     
	   4 Input    3 Bit        Muxes := 1     
---------------------------------------------------------------------------------
Finished RTL Component Statistics 
---------------------------------------------------------------------------------
---------------------------------------------------------------------------------
Start Part Resource Summary
---------------------------------------------------------------------------------
Part Resources:
DSPs: 90 (col length:60)
BRAMs: 100 (col length: RAMB18 60 RAMB36 30)
---------------------------------------------------------------------------------
Finished Part Resource Summary
---------------------------------------------------------------------------------
---------------------------------------------------------------------------------
Start Cross Boundary and Area Optimization
---------------------------------------------------------------------------------
WARNING: [Synth 8-7080] Parallel synthesis criteria is not met
---------------------------------------------------------------------------------
Finished Cross Boundary and Area Optimization : Time (s): cpu = 00:00:18 ; elapsed = 00:00:18 . Memory (MB): peak = 2299.027 ; gain = 649.234 ; free physical = 6121 ; free virtual = 22471
---------------------------------------------------------------------------------
---------------------------------------------------------------------------------
Start Applying XDC Timing Constraints
---------------------------------------------------------------------------------
WARNING: [Synth 8-565] redefining clock 'sys_clk_pin'
---------------------------------------------------------------------------------
Finished Applying XDC Timing Constraints : Time (s): cpu = 00:00:24 ; elapsed = 00:00:24 . Memory (MB): peak = 2342.027 ; gain = 692.234 ; free physical = 6066 ; free virtual = 22416
---------------------------------------------------------------------------------
---------------------------------------------------------------------------------
Start Timing Optimization
---------------------------------------------------------------------------------
---------------------------------------------------------------------------------
Finished Timing Optimization : Time (s): cpu = 00:00:24 ; elapsed = 00:00:25 . Memory (MB): peak = 2369.059 ; gain = 719.266 ; free physical = 6039 ; free virtual = 22388
---------------------------------------------------------------------------------
---------------------------------------------------------------------------------
Start Technology Mapping
---------------------------------------------------------------------------------
---------------------------------------------------------------------------------
Finished Technology Mapping : Time (s): cpu = 00:00:24 ; elapsed = 00:00:25 . Memory (MB): peak = 2369.059 ; gain = 719.266 ; free physical = 6039 ; free virtual = 22388
---------------------------------------------------------------------------------
---------------------------------------------------------------------------------
Start IO Insertion
---------------------------------------------------------------------------------
---------------------------------------------------------------------------------
Start Flattening Before IO Insertion
---------------------------------------------------------------------------------
---------------------------------------------------------------------------------
Finished Flattening Before IO Insertion
---------------------------------------------------------------------------------
---------------------------------------------------------------------------------
Start Final Netlist Cleanup
---------------------------------------------------------------------------------
---------------------------------------------------------------------------------
Finished Final Netlist Cleanup
---------------------------------------------------------------------------------
---------------------------------------------------------------------------------
Finished IO Insertion : Time (s): cpu = 00:00:28 ; elapsed = 00:00:29 . Memory (MB): peak = 2537.871 ; gain = 888.078 ; free physical = 5896 ; free virtual = 22246
---------------------------------------------------------------------------------
---------------------------------------------------------------------------------
Start Renaming Generated Instances
---------------------------------------------------------------------------------
---------------------------------------------------------------------------------
Finished Renaming Generated Instances : Time (s): cpu = 00:00:28 ; elapsed = 00:00:29 . Memory (MB): peak = 2537.871 ; gain = 888.078 ; free physical = 5896 ; free virtual = 22246
---------------------------------------------------------------------------------
---------------------------------------------------------------------------------
Start Rebuilding User Hierarchy
---------------------------------------------------------------------------------
---------------------------------------------------------------------------------
Finished Rebuilding User Hierarchy : Time (s): cpu = 00:00:28 ; elapsed = 00:00:29 . Memory (MB): peak = 2537.871 ; gain = 888.078 ; free physical = 5896 ; free virtual = 22246
---------------------------------------------------------------------------------
---------------------------------------------------------------------------------
Start Renaming Generated Ports
---------------------------------------------------------------------------------
---------------------------------------------------------------------------------
Finished Renaming Generated Ports : Time (s): cpu = 00:00:28 ; elapsed = 00:00:29 . Memory (MB): peak = 2537.871 ; gain = 888.078 ; free physical = 5896 ; free virtual = 22246
---------------------------------------------------------------------------------
---------------------------------------------------------------------------------
Start Handling Custom Attributes
---------------------------------------------------------------------------------
---------------------------------------------------------------------------------
Finished Handling Custom Attributes : Time (s): cpu = 00:00:28 ; elapsed = 00:00:29 . Memory (MB): peak = 2537.871 ; gain = 888.078 ; free physical = 5896 ; free virtual = 22246
---------------------------------------------------------------------------------
---------------------------------------------------------------------------------
Start Renaming Generated Nets
---------------------------------------------------------------------------------
---------------------------------------------------------------------------------
Finished Renaming Generated Nets : Time (s): cpu = 00:00:28 ; elapsed = 00:00:29 . Memory (MB): peak = 2537.871 ; gain = 888.078 ; free physical = 5896 ; free virtual = 22246
---------------------------------------------------------------------------------
---------------------------------------------------------------------------------
Start Writing Synthesis Report
---------------------------------------------------------------------------------

Report BlackBoxes: 
+-+--------------+----------+
| |BlackBox name |Instances |
+-+--------------+----------+
+-+--------------+----------+

Report Cell Usage: 
+------+-------+------+
|      |Cell   |Count |
+------+-------+------+
|1     |BUFG   |     1|
|2     |CARRY4 |     8|
|3     |LUT1   |     4|
|4     |LUT2   |    12|
|5     |LUT3   |     5|
|6     |LUT4   |    14|
|7     |LUT5   |     7|
|8     |LUT6   |    39|
|9     |MUXF7  |     2|
|10    |FDRE   |    24|
|11    |IBUF   |    12|
|12    |OBUF   |    21|
+------+-------+------+
---------------------------------------------------------------------------------
Finished Writing Synthesis Report : Time (s): cpu = 00:00:28 ; elapsed = 00:00:29 . Memory (MB): peak = 2537.871 ; gain = 888.078 ; free physical = 5896 ; free virtual = 22246
---------------------------------------------------------------------------------
Synthesis finished with 0 errors, 0 critical warnings and 2 warnings.
Synthesis Optimization Runtime : Time (s): cpu = 00:00:27 ; elapsed = 00:00:27 . Memory (MB): peak = 2537.871 ; gain = 776.305 ; free physical = 5896 ; free virtual = 22246
Synthesis Optimization Complete : Time (s): cpu = 00:00:28 ; elapsed = 00:00:29 . Memory (MB): peak = 2537.879 ; gain = 888.078 ; free physical = 5896 ; free virtual = 22246
INFO: [Project 1-571] Translating synthesized netlist
Netlist sorting complete. Time (s): cpu = 00:00:00.01 ; elapsed = 00:00:00 . Memory (MB): peak = 2537.879 ; gain = 0.000 ; free physical = 5897 ; free virtual = 22247
INFO: [Netlist 29-17] Analyzing 10 Unisim elements for replacement
INFO: [Netlist 29-28] Unisim Transformation completed in 0 CPU seconds
INFO: [Project 1-570] Preparing netlist for logic optimization
INFO: [Opt 31-138] Pushed 0 inverter(s) to 0 load pin(s).
Netlist sorting complete. Time (s): cpu = 00:00:00 ; elapsed = 00:00:00 . Memory (MB): peak = 2593.898 ; gain = 0.000 ; free physical = 5983 ; free virtual = 22332
INFO: [Project 1-111] Unisim Transformation Summary:
No Unisim elements were transformed.

Synth Design complete | Checksum: 4299be23
INFO: [Common 17-83] Releasing license: Synthesis
34 Infos, 3 Warnings, 0 Critical Warnings and 0 Errors encountered.
synth_design completed successfully
synth_design: Time (s): cpu = 00:00:39 ; elapsed = 00:00:36 . Memory (MB): peak = 2593.934 ; gain = 1078.352 ; free physical = 5982 ; free virtual = 22331
INFO: [Common 17-2834] synth_design peak Physical Memory [PSS] (MB): overall = 1725.182; main = 1725.182; forked = 274.976
INFO: [Common 17-2834] synth_design peak Virtual Memory [VSS] (MB): overall = 3254.730; main = 2593.898; forked = 955.703
Write ShapeDB Complete: Time (s): cpu = 00:00:00 ; elapsed = 00:00:00 . Memory (MB): peak = 2617.910 ; gain = 0.000 ; free physical = 5982 ; free virtual = 22331
INFO: [Common 17-1381] The checkpoint '/home/prormrxcn-meow/practice_2/practice_2.runs/synth_1/top.dcp' has been generated.
INFO: [Vivado 12-24828] Executing command : report_utilization -file top_utilization_synth.rpt -pb top_utilization_synth.pb
INFO: [Common 17-206] Exiting Vivado at Sun Sep 21 13:20:56 2025...
